<?xml version="1.0" encoding="UTF-8"?>
<testng-results ignored="0" total="9" passed="9" failed="0" skipped="0">
  <reporter-output>
  </reporter-output>
  <suite started-at="2026-08-08T13:24:17 IST" name="Suite" finished-at="2026-08-08T13:24:39 IST" duration-ms="22224">
    <groups>
    </groups>
    <test started-at="2026-08-08T13:24:17 IST" name="chrometest" finished-at="2026-08-08T13:24:34 IST" duration-ms="17587">
      <class name="day45.ParamTest">
        <test-method is-config="true" signature="setup(java.lang.String,java.lang.String)[pri:0, instance:day45.ParamTest@4b2bac3f]" started-at="2026-08-08T13:24:17 IST" name="setup" finished-at="2026-08-08T13:24:33 IST" duration-ms="16629" status="PASS">
          <params>
            <param index="0">
              <value>
                <![CDATA[chrome]]>
              </value>
            </param>
            <param index="1">
              <value>
                <![CDATA[https://opensource-demo.orangehrmlive.com/web/index.php/auth/login]]>
              </value>
            </param>
          </params>
          <reporter-output>
          </reporter-output>
        </test-method> <!-- setup -->
        <test-method signature="TestLogo()[pri:1, instance:day45.ParamTest@4b2bac3f]" started-at="2026-08-08T13:24:33 IST" name="TestLogo" finished-at="2026-08-08T13:24:33 IST" duration-ms="227" status="PASS">
          <reporter-output>
          </reporter-output>
        </test-method> <!-- TestLogo -->
        <test-method signature="Title()[pri:2, instance:day45.ParamTest@4b2bac3f]" started-at="2026-08-08T13:24:33 IST" name="Title" finished-at="2026-08-08T13:24:34 IST" duration-ms="26" status="PASS">
          <reporter-output>
          </reporter-output>
        </test-method> <!-- Title -->
        <test-method signature="URL()[pri:3, instance:day45.ParamTest@4b2bac3f]" started-at="2026-08-08T13:24:34 IST" name="URL" finished-at="2026-08-08T13:24:34 IST" duration-ms="33" status="PASS">
          <reporter-output>
          </reporter-output>
        </test-method> <!-- URL -->
        <test-method is-config="true" signature="tearDown()[pri:0, instance:day45.ParamTest@4b2bac3f]" started-at="2026-08-08T13:24:34 IST" name="tearDown" finished-at="2026-08-08T13:24:34 IST" duration-ms="543" status="PASS">
          <reporter-output>
          </reporter-output>
        </test-method> <!-- tearDown -->
      </class> <!-- day45.ParamTest -->
    </test> <!-- chrometest -->
    <test started-at="2026-08-08T13:24:17 IST" name="edgetest" finished-at="2026-08-08T13:24:36 IST" duration-ms="19022">
      <class name="day45.ParamTest">
        <test-method is-config="true" signature="setup(java.lang.String,java.lang.String)[pri:0, instance:day45.ParamTest@71e9ddb4]" started-at="2026-08-08T13:24:17 IST" name="setup" finished-at="2026-08-08T13:24:35 IST" duration-ms="18586" status="PASS">
          <params>
            <param index="0">
              <value>
                <![CDATA[edge]]>
              </value>
            </param>
            <param index="1">
              <value>
                <![CDATA[https://opensource-demo.orangehrmlive.com/web/index.php/auth/login]]>
              </value>
            </param>
          </params>
          <reporter-output>
          </reporter-output>
        </test-method> <!-- setup -->
        <test-method signature="TestLogo()[pri:1, instance:day45.ParamTest@71e9ddb4]" started-at="2026-08-08T13:24:35 IST" name="TestLogo" finished-at="2026-08-08T13:24:35 IST" duration-ms="56" status="PASS">
          <reporter-output>
          </reporter-output>
        </test-method> <!-- TestLogo -->
        <test-method signature="Title()[pri:2, instance:day45.ParamTest@71e9ddb4]" started-at="2026-08-08T13:24:35 IST" name="Title" finished-at="2026-08-08T13:24:35 IST" duration-ms="21" status="PASS">
          <reporter-output>
          </reporter-output>
        </test-method> <!-- Title -->
        <test-method signature="URL()[pri:3, instance:day45.ParamTest@71e9ddb4]" started-at="2026-08-08T13:24:35 IST" name="URL" finished-at="2026-08-08T13:24:35 IST" duration-ms="16" status="PASS">
          <reporter-output>
          </reporter-output>
        </test-method> <!-- URL -->
        <test-method is-config="true" signature="tearDown()[pri:0, instance:day45.ParamTest@71e9ddb4]" started-at="2026-08-08T13:24:35 IST" name="tearDown" finished-at="2026-08-08T13:24:36 IST" duration-ms="279" status="PASS">
          <reporter-output>
          </reporter-output>
        </test-method> <!-- tearDown -->
      </class> <!-- day45.ParamTest -->
    </test> <!-- edgetest -->
    <test started-at="2026-08-08T13:24:17 IST" name="firefoxtest" finished-at="2026-08-08T13:24:39 IST" duration-ms="22224">
      <class name="day45.ParamTest">
        <test-method is-config="true" signature="setup(java.lang.String,java.lang.String)[pri:0, instance:day45.ParamTest@7530ad9c]" started-at="2026-08-08T13:24:17 IST" name="setup" finished-at="2026-08-08T13:24:37 IST" duration-ms="20943" status="PASS">
          <params>
            <param index="0">
              <value>
                <![CDATA[firefox]]>
              </value>
            </param>
            <param index="1">
              <value>
                <![CDATA[https://opensource-demo.orangehrmlive.com/web/index.php/auth/login]]>
              </value>
            </param>
          </params>
          <reporter-output>
          </reporter-output>
        </test-method> <!-- setup -->
        <test-method signature="TestLogo()[pri:1, instance:day45.ParamTest@7530ad9c]" started-at="2026-08-08T13:24:38 IST" name="TestLogo" finished-at="2026-08-08T13:24:38 IST" duration-ms="79" status="PASS">
          <reporter-output>
          </reporter-output>
        </test-method> <!-- TestLogo -->
        <test-method signature="Title()[pri:2, instance:day45.ParamTest@7530ad9c]" started-at="2026-08-08T13:24:38 IST" name="Title" finished-at="2026-08-08T13:24:38 IST" duration-ms="13" status="PASS">
          <reporter-output>
          </reporter-output>
        </test-method> <!-- Title -->
        <test-method signature="URL()[pri:3, instance:day45.ParamTest@7530ad9c]" started-at="2026-08-08T13:24:38 IST" name="URL" finished-at="2026-08-08T13:24:38 IST" duration-ms="10" status="PASS">
          <reporter-output>
          </reporter-output>
        </test-method> <!-- URL -->
        <test-method is-config="true" signature="tearDown()[pri:0, instance:day45.ParamTest@7530ad9c]" started-at="2026-08-08T13:24:38 IST" name="tearDown" finished-at="2026-08-08T13:24:39 IST" duration-ms="1118" status="PASS">
          <reporter-output>
          </reporter-output>
        </test-method> <!-- tearDown -->
      </class> <!-- day45.ParamTest -->
    </test> <!-- firefoxtest -->
  </suite> <!-- Suite -->
</testng-results>
