<?xml version="1.0" encoding="UTF-8"?>
<!-- Generated by org.testng.reporters.JUnitReportReporter -->
<testsuite hostname="Alt" failures="0" tests="3" name="day45.ParallTest" time="0.141" errors="0" timestamp="2026-08-08T12:12:32 IST" skipped="0">
  <testcase classname="day45.ParallTest" name="TestLogo" time="0.097"/>
  <testcase classname="day45.ParallTest" name="Title" time="0.023"/>
  <testcase classname="day45.ParallTest" name="URL" time="0.021"/>
</testsuite> <!-- day45.ParallTest -->
