<?xml version="1.0" encoding="UTF-8"?>
<!-- Generated by org.testng.reporters.JUnitReportReporter -->
<testsuite hostname="Alt" failures="0" tests="3" name="day46.OrangeHRM" time="0.163" errors="0" timestamp="2026-08-11T15:40:17 IST" skipped="0">
  <testcase classname="day46.OrangeHRM" name="TestLogo" time="0.124"/>
  <testcase classname="day46.OrangeHRM" name="TestAppURL" time="0.021"/>
  <testcase classname="day46.OrangeHRM" name="HomePageTitle" time="0.018"/>
</testsuite> <!-- day46.OrangeHRM -->
