<?xml version="1.0" encoding="UTF-8"?>
<!-- Generated by org.testng.reporters.JUnitReportReporter -->
<testsuite hostname="Alt" failures="0" tests="4" name="day42.FirstTestCase" time="55.245" errors="0" timestamp="2026-08-06T14:17:07 IST" skipped="0">
  <testcase classname="day42.FirstTestCase" name="OpenApp" time="32.150"/>
  <testcase classname="day42.FirstTestCase" name="Logo" time="2.526"/>
  <testcase classname="day42.FirstTestCase" name="Login" time="0.454"/>
  <testcase classname="day42.FirstTestCase" name="Logout" time="20.115"/>
</testsuite> <!-- day42.FirstTestCase -->
