<?xml version="1.0" encoding="UTF-8"?>
<!-- Generated by org.testng.reporters.JUnitReportReporter -->
<testsuite hostname="Alt" failures="0" tests="9" name="day45.ParamTest" time="0.481" errors="0" timestamp="2026-08-08T13:24:39 IST" skipped="0">
  <testcase classname="day45.ParamTest" name="TestLogo" time="0.056"/>
  <testcase classname="day45.ParamTest" name="TestLogo" time="0.227"/>
  <testcase classname="day45.ParamTest" name="TestLogo" time="0.079"/>
  <testcase classname="day45.ParamTest" name="Title" time="0.026"/>
  <testcase classname="day45.ParamTest" name="Title" time="0.013"/>
  <testcase classname="day45.ParamTest" name="Title" time="0.021"/>
  <testcase classname="day45.ParamTest" name="URL" time="0.033"/>
  <testcase classname="day45.ParamTest" name="URL" time="0.016"/>
  <testcase classname="day45.ParamTest" name="URL" time="0.010"/>
</testsuite> <!-- day45.ParamTest -->
