<?xml version="1.0" encoding="UTF-8"?>
<!-- Generated by org.testng.reporters.JUnitReportReporter -->
<testsuite hostname="Alt" failures="0" tests="3" name="day44.SignUpTests" time="0.003" errors="0" timestamp="2026-08-07T23:37:46 IST" skipped="0">
  <testcase classname="day44.SignUpTests" name="SignUpByEmail" time="0.001"/>
  <testcase classname="day44.SignUpTests" name="SignUpByFacebook" time="0.001"/>
  <testcase classname="day44.SignUpTests" name="SignUpByTwitter" time="0.001"/>
</testsuite> <!-- day44.SignUpTests -->
