<?xml version="1.0" encoding="UTF-8"?>
<!-- Generated by org.testng.reporters.JUnitReportReporter -->
<testsuite hostname="Alt" failures="0" tests="3" name="day43.AnnotationDemo1" time="0.026" errors="0" timestamp="2026-08-06T21:26:38 IST" skipped="0">
  <testcase classname="day43.AnnotationDemo1" name="Search" time="0.021"/>
  <testcase classname="day43.AnnotationDemo1" name="AdvSearch" time="0.002"/>
  <testcase classname="day43.AnnotationDemo1" name="superAdvSearch" time="0.003"/>
</testsuite> <!-- day43.AnnotationDemo1 -->
