<?xml version="1.0" encoding="UTF-8"?>
<!-- Generated by org.testng.reporters.JUnitReportReporter -->
<testsuite hostname="Alt" failures="0" tests="4" name="day42.OrangeHRM" time="43.144" errors="0" timestamp="2026-08-06T15:11:48 IST" skipped="0">
  <testcase classname="day42.OrangeHRM" name="OpenApp" time="11.922"/>
  <testcase classname="day42.OrangeHRM" name="Logo" time="5.340"/>
  <testcase classname="day42.OrangeHRM" name="Login" time="10.392"/>
  <testcase classname="day42.OrangeHRM" name="Logout" time="15.490"/>
</testsuite> <!-- day42.OrangeHRM -->
