<?xml version="1.0" encoding="UTF-8"?>
<!-- Generated by org.testng.reporters.JUnitXMLReporter -->
<testsuite ignored="0" hostname="Alt" failures="0" tests="7" name="My Test" time="43.264" errors="0" timestamp="2026-08-06T15:11:47 IST">
  <testcase classname="day42.OrangeHRM" name="OpenApp" time="11.922"/>
  <testcase classname="day42.OrangeHRM" name="Logo" time="5.34"/>
  <testcase classname="day42.OrangeHRM" name="Login" time="10.392"/>
  <testcase classname="day42.OrangeHRM" name="Logout" time="15.49"/>
  <testcase classname="day42.FirstTest" name="open" time="0.004"/>
  <testcase classname="day42.FirstTest" name="Loging" time="0.002"/>
  <testcase classname="day42.FirstTest" name="Logour" time="0.005"/>
</testsuite> <!-- My Test -->
