<?xml version="1.0" encoding="UTF-8"?>
<!-- Generated by org.testng.reporters.JUnitXMLReporter -->
<testsuite ignored="0" hostname="Alt" failures="0" tests="4" name="Test4" time="0.033" errors="0" timestamp="2026-08-07T00:40:51 IST">
  <testcase classname="day43.pack.C1" name="abc" time="0.002"/>
  <testcase classname="day43.pack.C2" name="xyz" time="0.002"/>
  <testcase classname="day43.pack.C3" name="pqr" time="0.002"/>
  <testcase classname="day43.pack.C4" name="str" time="0.004"/>
</testsuite> <!-- Test4 -->
