<?xml version="1.0" encoding="UTF-8"?>
<!-- Generated by org.testng.reporters.JUnitXMLReporter -->
<testsuite ignored="2" hostname="Alt" failures="0" tests="6" name="GroupingTest" time="0.077" errors="0" timestamp="2026-08-07T23:37:46 IST">
  <testcase classname="day44.LoginTests" name="LoginByEmail" time="0.011"/>
  <testcase classname="day44.LoginTests" name="LoginByFacbook" time="0.001"/>
  <testcase classname="day44.LoginTests" name="LoginByTwitter" time="0.001"/>
  <testcase classname="day44.SignUpTests" name="SignUpByEmail" time="0.001"/>
  <testcase classname="day44.SignUpTests" name="SignUpByFacebook" time="0.001"/>
  <testcase classname="day44.SignUpTests" name="SignUpByTwitter" time="0.001"/>
  <testcase classname="day44.PymentTests" name="PymentInRupees" time="0.0">
    <ignored/>
  </testcase> <!-- PymentInRupees -->
  <testcase classname="day44.PymentTests" name="PymentInDoller" time="0.0">
    <ignored/>
  </testcase> <!-- PymentInDoller -->
</testsuite> <!-- GroupingTest -->
